[2025-11-15 12:26:25] Running autocommit...
[main 740a1fb] Auto-update: 2025-11-15 12:26:25
 2 files changed, 14 insertions(+), 4 deletions(-)
 create mode 100644 autocommit.log
To github.com:osirispc/homelab-docs.git
   0455e89..740a1fb  main -> main
[2025-11-15 12:26:25] Changes committed and pushed.
[2025-11-15 12:30:01] Running autocommit...
[main 69caa47] Auto-update: 2025-11-15 12:30:01
 1 file changed, 7 insertions(+)
To github.com:osirispc/homelab-docs.git
   740a1fb..69caa47  main -> main
[2025-11-15 12:30:01] Changes committed and pushed.
[2025-11-15 12:36:59] Running autocommit...
[main c333382] Auto-update: 2025-11-15 12:36:59
 3 files changed, 19 insertions(+), 1 deletion(-)
To github.com:osirispc/homelab-docs.git
   69caa47..c333382  main -> main
[2025-11-15 12:36:59] Changes committed and pushed.
[2025-11-15 12:37:00] Running autocommit...
[main 787a996] Auto-update: 2025-11-15 12:37:00
 1 file changed, 6 insertions(+)
To github.com:osirispc/homelab-docs.git
   c333382..787a996  main -> main
[2025-11-15 12:37:00] Changes committed and pushed.
[2025-11-15 12:42:46] Running autocommit...
[2025-11-15 12:42:46] Running autocommit...
fatal: cannot lock ref 'HEAD': is at 56c4896c037fc1118bd4f6da5f3313e49d3513ad but expected 787a9965c7368bfe4173f1e01533c12d06269083
[main 56c4896] Auto-update: 2025-11-15 12:42:46
 2 files changed, 9 insertions(+), 1 deletion(-)
To github.com:osirispc/homelab-docs.git
   787a996..56c4896  main -> main
[2025-11-15 12:42:46] Changes committed and pushed.
[2025-11-15 12:42:47] Running autocommit...
To github.com:osirispc/homelab-docs.git
 ! [remote rejected] main -> main (cannot lock ref 'refs/heads/main': is at 56c4896c037fc1118bd4f6da5f3313e49d3513ad but expected 787a9965c7368bfe4173f1e01533c12d06269083)
error: failed to push some refs to 'github.com:osirispc/homelab-docs.git'
[2025-11-15 12:42:46] Changes committed and pushed.
[2025-11-15 12:42:47] Running autocommit...
[main 82689d3] Auto-update: 2025-11-15 12:42:47
 1 file changed, 7 insertions(+)
[main fee4a52] Auto-update: 2025-11-15 12:42:47
 1 file changed, 7 insertions(+)
To github.com:osirispc/homelab-docs.git
   56c4896..fee4a52  main -> main
[2025-11-15 12:42:47] Changes committed and pushed.
To github.com:osirispc/homelab-docs.git
 ! [remote rejected] main -> main (cannot lock ref 'refs/heads/main': is at fee4a5240dd8c48c8f0548ae1655899725f36dc0 but expected 56c4896c037fc1118bd4f6da5f3313e49d3513ad)
error: failed to push some refs to 'github.com:osirispc/homelab-docs.git'
[2025-11-15 12:42:47] Changes committed and pushed.
[2025-11-15 12:45:01] Running autocommit...
